[19-Dec-2017 22:48:06 UTC] PHP Warning:  require(../vendor/autoload.php): failed to open stream: No such file or directory in /home/ubuntu/workspace/admin/includes/s3/init.php on line 3
[19-Dec-2017 22:48:06 UTC] PHP Stack trace:
[19-Dec-2017 22:48:06 UTC] PHP   1. {main}() /home/ubuntu/workspace/admin/includes/s3/init.php:0
[19-Dec-2017 22:48:06 UTC] PHP Fatal error:  require(): Failed opening required '../vendor/autoload.php' (include_path='.:/usr/share/php:/usr/share/pear') in /home/ubuntu/workspace/admin/includes/s3/init.php on line 3
[19-Dec-2017 22:48:06 UTC] PHP Stack trace:
[19-Dec-2017 22:48:06 UTC] PHP   1. {main}() /home/ubuntu/workspace/admin/includes/s3/init.php:0
[19-Dec-2017 22:48:38 UTC] PHP Warning:  require(../../vendor/autoload.php): failed to open stream: No such file or directory in /home/ubuntu/workspace/admin/includes/s3/init.php on line 3
[19-Dec-2017 22:48:38 UTC] PHP Stack trace:
[19-Dec-2017 22:48:38 UTC] PHP   1. {main}() /home/ubuntu/workspace/admin/includes/s3/init.php:0
[19-Dec-2017 22:48:38 UTC] PHP Fatal error:  require(): Failed opening required '../../vendor/autoload.php' (include_path='.:/usr/share/php:/usr/share/pear') in /home/ubuntu/workspace/admin/includes/s3/init.php on line 3
[19-Dec-2017 22:48:38 UTC] PHP Stack trace:
[19-Dec-2017 22:48:38 UTC] PHP   1. {main}() /home/ubuntu/workspace/admin/includes/s3/init.php:0
[19-Dec-2017 22:49:01 UTC] PHP Warning:  require(/vendor/autoload.php): failed to open stream: No such file or directory in /home/ubuntu/workspace/admin/includes/s3/init.php on line 3
[19-Dec-2017 22:49:01 UTC] PHP Stack trace:
[19-Dec-2017 22:49:01 UTC] PHP   1. {main}() /home/ubuntu/workspace/admin/includes/s3/init.php:0
[19-Dec-2017 22:49:01 UTC] PHP Fatal error:  require(): Failed opening required '/vendor/autoload.php' (include_path='.:/usr/share/php:/usr/share/pear') in /home/ubuntu/workspace/admin/includes/s3/init.php on line 3
[19-Dec-2017 22:49:01 UTC] PHP Stack trace:
[19-Dec-2017 22:49:01 UTC] PHP   1. {main}() /home/ubuntu/workspace/admin/includes/s3/init.php:0
[19-Dec-2017 22:49:07 UTC] PHP Warning:  require(../vendor/autoload.php): failed to open stream: No such file or directory in /home/ubuntu/workspace/admin/includes/s3/init.php on line 3
[19-Dec-2017 22:49:07 UTC] PHP Stack trace:
[19-Dec-2017 22:49:07 UTC] PHP   1. {main}() /home/ubuntu/workspace/admin/includes/s3/init.php:0
[19-Dec-2017 22:49:07 UTC] PHP Fatal error:  require(): Failed opening required '../vendor/autoload.php' (include_path='.:/usr/share/php:/usr/share/pear') in /home/ubuntu/workspace/admin/includes/s3/init.php on line 3
[19-Dec-2017 22:49:07 UTC] PHP Stack trace:
[19-Dec-2017 22:49:07 UTC] PHP   1. {main}() /home/ubuntu/workspace/admin/includes/s3/init.php:0
[19-Dec-2017 22:51:50 UTC] PHP Warning:  require(../vendor/autoload.php): failed to open stream: No such file or directory in /home/ubuntu/workspace/admin/includes/s3/init.php on line 3
[19-Dec-2017 22:51:50 UTC] PHP Stack trace:
[19-Dec-2017 22:51:50 UTC] PHP   1. {main}() /home/ubuntu/workspace/admin/includes/s3/init.php:0
[19-Dec-2017 22:51:50 UTC] PHP Fatal error:  require(): Failed opening required '../vendor/autoload.php' (include_path='.:/usr/share/php:/usr/share/pear') in /home/ubuntu/workspace/admin/includes/s3/init.php on line 3
[19-Dec-2017 22:51:50 UTC] PHP Stack trace:
[19-Dec-2017 22:51:50 UTC] PHP   1. {main}() /home/ubuntu/workspace/admin/includes/s3/init.php:0
